[debug] [2022-06-14T08:49:58.108Z] ----------------------------------------------------------------------
[debug] [2022-06-14T08:49:58.109Z] Command:       C:\Program Files\nodejs\node.exe C:\Users\Данила\AppData\Roaming\npm\node_modules\firebase-tools\lib\bin\firebase.js init
[debug] [2022-06-14T08:49:58.110Z] CLI Version:   11.1.0
[debug] [2022-06-14T08:49:58.110Z] Platform:      win32
[debug] [2022-06-14T08:49:58.110Z] Node Version:  v16.15.0
[debug] [2022-06-14T08:49:58.111Z] Time:          Tue Jun 14 2022 11:49:58 GMT+0300 (Moscow Standard Time)
[debug] [2022-06-14T08:49:58.111Z] ----------------------------------------------------------------------
[debug] 
[debug] [2022-06-14T08:49:58.161Z] > command requires scopes: ["email","openid","https://www.googleapis.com/auth/cloudplatformprojects.readonly","https://www.googleapis.com/auth/firebase","https://www.googleapis.com/auth/cloud-platform"]
[debug] [2022-06-14T08:49:58.162Z] > authorizing via signed-in user (danila.anfinogenovs@gmail.com)
[info] 
     ######## #### ########  ######## ########     ###     ######  ########
     ##        ##  ##     ## ##       ##     ##  ##   ##  ##       ##
     ######    ##  ########  ######   ########  #########  ######  ######
     ##        ##  ##    ##  ##       ##     ## ##     ##       ## ##
     ##       #### ##     ## ######## ########  ##     ##  ######  ########

You're about to initialize a Firebase project in this directory:

  C:\Users\Данила\Desktop\latvijas-apskates-objektu-uzskaites-sistema

Before we get started, keep in mind:

  * You are initializing within an existing Firebase project directory

[info] 
=== Project Setup
[info] 
[info] First, let's associate this project directory with a Firebase project.
[info] You can create multiple project aliases by running firebase use --add, 
[info] but for now we'll just set up a default project.
[info] 
[debug] [2022-06-14T08:50:12.820Z] Using project from CLI flag: gala-darbs-2b35e
[debug] [2022-06-14T08:50:12.822Z] >>> [apiv2][query] GET https://firebase.googleapis.com/v1beta1/projects/gala-darbs-2b35e [none]
[debug] [2022-06-14T08:50:13.139Z] <<< [apiv2][status] GET https://firebase.googleapis.com/v1beta1/projects/gala-darbs-2b35e 200
[debug] [2022-06-14T08:50:13.139Z] <<< [apiv2][body] GET https://firebase.googleapis.com/v1beta1/projects/gala-darbs-2b35e {"projectId":"gala-darbs-2b35e","projectNumber":"819302279635","displayName":"gala-darbs","name":"projects/gala-darbs-2b35e","resources":{"hostingSite":"gala-darbs-2b35e","realtimeDatabaseInstance":"gala-darbs-2b35e-default-rtdb","storageBucket":"gala-darbs-2b35e.appspot.com","locationId":"europe-central2"},"state":"ACTIVE"}
[info] i  Using project gala-darbs-2b35e (gala-darbs) 
[info] 
=== Hosting Setup
[info] 
[info] Your public directory is the folder (relative to your project directory) that
[info] will contain Hosting assets to be uploaded with firebase deploy. If you
[info] have a build process for your assets, use your build's output directory.
[info] 
[debug] [2022-06-14T08:50:38.838Z] >>> [apiv2][query] GET https://www.gstatic.com/firebasejs/releases.json [none]
[debug] [2022-06-14T08:50:38.905Z] <<< [apiv2][status] GET https://www.gstatic.com/firebasejs/releases.json 200
[debug] [2022-06-14T08:50:38.906Z] <<< [apiv2][body] GET https://www.gstatic.com/firebasejs/releases.json {"current":{"version":"9.8.3","browserURL":"https://www.gstatic.com/firebasejs/9.8.3/firebase.js","packageURL":"https://www.gstatic.com/firebasejs/9.8.3/firebase.tgz"},"live":{"version":"9.8","browserURL":"https://www.gstatic.com/firebasejs/live/9.8/firebase.js","packageURL":"https://www.gstatic.com/firebasejs/live/9.8/firebase.tgz"},"components":{"analytics":"https://www.gstatic.com/firebasejs/9.8.3/firebase-analytics.js","app":"https://www.gstatic.com/firebasejs/9.8.3/firebase-app.js","app-check":"https://www.gstatic.com/firebasejs/9.8.3/firebase-app-check.js","auth":"https://www.gstatic.com/firebasejs/9.8.3/firebase-auth.js","auth/cordova":"https://www.gstatic.com/firebasejs/9.8.3/firebase-auth/cordova.js","auth/react-native":"https://www.gstatic.com/firebasejs/9.8.3/firebase-auth/react-native.js","functions":"https://www.gstatic.com/firebasejs/9.8.3/firebase-functions.js","firestore":"https://www.gstatic.com/firebasejs/9.8.3/firebase-firestore.js","firestore/lite":"https://www.gstatic.com/firebasejs/9.8.3/firebase-firestore/lite.js","storage":"https://www.gstatic.com/firebasejs/9.8.3/firebase-storage.js","performance":"https://www.gstatic.com/firebasejs/9.8.3/firebase-performance.js","remote-config":"https://www.gstatic.com/firebasejs/9.8.3/firebase-remote-config.js","messaging":"https://www.gstatic.com/firebasejs/9.8.3/firebase-messaging.js","messaging/sw":"https://www.gstatic.com/firebasejs/9.8.3/firebase-messaging/sw.js","database":"https://www.gstatic.com/firebasejs/9.8.3/firebase-database.js","firestore.memory":"https://www.gstatic.com/firebasejs/9.8.3/firebase-firestore.memory.js"}}
[info] +  Wrote public/index.html 
[info] 
[info] i  Didn't detect a .git folder. Assuming C:\Users\Данила\Desktop\latvijas-apskates-objektu-uzskaites-sistema is the project root. 
[info] i  Authorizing with GitHub to upload your service account to a GitHub repository's secrets store. 
[info] 
[info] Visit this URL on this device to log in:
[info] https://github.com/login/oauth/authorize?client_id=89cf50f02ac6aaed3484&state=987834041&redirect_uri=http%3A%2F%2Flocalhost%3A9005&scope=read%3Auser%20repo%20public_repo
[info] 
[info] Waiting for authentication...
